<?xml version="1.0" encoding="UTF-8"?>
<!-- Generated by org.testng.reporters.JUnitXMLReporter -->
<testsuite ignored="1" hostname="dheerajv-mac" failures="0" tests="6" name="Car Loan" time="0.028" errors="0" timestamp="2025-10-19T17:54:26 IST">
  <testcase classname="TestNG.Test1.Demo3" name="MobileSignOutCar" time="0.001"/>
  <testcase classname="TestNG.Test1.Demo3" name="MobileSignOutCar" time="0.0"/>
  <testcase classname="TestNG.Test1.Demo3" name="MobileSignOutCar" time="0.0"/>
  <testcase classname="TestNG.Test1.Demo3" name="WebLoginCar" time="0.0"/>
  <testcase classname="TestNG.Test1.Demo3" name="MobileSigninCar" time="0.0"/>
  <testcase classname="TestNG.Test1.Demo3" name="APICar" time="0.0"/>
  <testcase classname="TestNG.Test1.Demo3" name="MobileLoginCar" time="0.0">
    <ignored/>
  </testcase> <!-- MobileLoginCar -->
</testsuite> <!-- Car Loan -->
